<?xml version="1.0" encoding="UTF-8"?>
<!-- Generated by org.testng.reporters.JUnitXMLReporter -->
<testsuite ignored="0" hostname="Mohamed_PC" failures="0" tests="5" name="Test" time="84.527" errors="0" timestamp="2025-02-05T08:12:22 IST">
  <testcase classname="testCases.TC003_LoginDDT" name="verify_LoginDDT" time="5.369"/>
  <testcase classname="testCases.TC003_LoginDDT" name="verify_LoginDDT" time="12.548"/>
  <testcase classname="testCases.TC003_LoginDDT" name="verify_LoginDDT" time="13.406"/>
  <testcase classname="testCases.TC003_LoginDDT" name="verify_LoginDDT" time="15.979"/>
  <testcase classname="testCases.TC003_LoginDDT" name="verify_LoginDDT" time="12.902"/>
</testsuite> <!-- Test -->
