<?xml version="1.0" encoding="UTF-8"?>
<testng-results ignored="0" total="1" passed="1" failed="0" skipped="0">
  <reporter-output>
  </reporter-output>
  <suite started-at="2025-02-07T07:16:53 IST" name="Suite" finished-at="2025-02-07T07:17:06 IST" duration-ms="13491">
    <groups>
      <group name="Master">
        <method signature="TC001_UserAccountRegistration.verify_account_registration()[pri:0, instance:testCases.TC001_UserAccountRegistration@6cce16f4]" name="verify_account_registration" class="testCases.TC001_UserAccountRegistration"/>
      </group> <!-- Master -->
      <group name="Regression">
        <method signature="TC001_UserAccountRegistration.verify_account_registration()[pri:0, instance:testCases.TC001_UserAccountRegistration@6cce16f4]" name="verify_account_registration" class="testCases.TC001_UserAccountRegistration"/>
      </group> <!-- Regression -->
    </groups>
    <test started-at="2025-02-07T07:16:53 IST" name="Test" finished-at="2025-02-07T07:17:06 IST" duration-ms="13491">
      <class name="testCases.TC001_UserAccountRegistration">
        <test-method is-config="true" signature="setup(java.lang.String,java.lang.String)[pri:0, instance:testCases.TC001_UserAccountRegistration@6cce16f4]" started-at="2025-02-07T07:16:53 IST" name="setup" finished-at="2025-02-07T07:17:01 IST" duration-ms="7438" status="PASS">
          <params>
            <param index="0">
              <value>
                <![CDATA[Windows]]>
              </value>
            </param>
            <param index="1">
              <value>
                <![CDATA[chrome]]>
              </value>
            </param>
          </params>
          <reporter-output>
          </reporter-output>
        </test-method> <!-- setup -->
        <test-method signature="verify_account_registration()[pri:0, instance:testCases.TC001_UserAccountRegistration@6cce16f4]" started-at="2025-02-07T07:17:01 IST" name="verify_account_registration" finished-at="2025-02-07T07:17:05 IST" duration-ms="4618" status="PASS">
          <reporter-output>
          </reporter-output>
        </test-method> <!-- verify_account_registration -->
        <test-method is-config="true" signature="teardown()[pri:0, instance:testCases.TC001_UserAccountRegistration@6cce16f4]" started-at="2025-02-07T07:17:06 IST" name="teardown" finished-at="2025-02-07T07:17:06 IST" duration-ms="879" status="PASS">
          <reporter-output>
          </reporter-output>
        </test-method> <!-- teardown -->
      </class> <!-- testCases.TC001_UserAccountRegistration -->
    </test> <!-- Test -->
  </suite> <!-- Suite -->
</testng-results>
